[debug] [2025-08-04T02:37:14.237Z] ----------------------------------------------------------------------
[debug] [2025-08-04T02:37:14.240Z] Command:       /home/mason/.nvm/versions/node/v20.19.4/bin/node /home/mason/.nvm/versions/node/v20.19.4/bin/firebase deploy
[debug] [2025-08-04T02:37:14.240Z] CLI Version:   14.11.2
[debug] [2025-08-04T02:37:14.240Z] Platform:      linux
[debug] [2025-08-04T02:37:14.241Z] Node Version:  v20.19.4
[debug] [2025-08-04T02:37:14.241Z] Time:          Sun Aug 03 2025 21:37:14 GMT-0500 (Central Daylight Time)
[debug] [2025-08-04T02:37:14.241Z] ----------------------------------------------------------------------
[debug] 
[debug] [2025-08-04T02:37:14.243Z] >>> [apiv2][query] GET https://firebase-public.firebaseio.com/cli.json [none]
[debug] [2025-08-04T02:37:14.524Z] > command requires scopes: ["email","openid","https://www.googleapis.com/auth/cloudplatformprojects.readonly","https://www.googleapis.com/auth/firebase","https://www.googleapis.com/auth/cloud-platform"]
[debug] [2025-08-04T02:37:14.525Z] > authorizing via signed-in user (lunir.grim@gmail.com)
[debug] [2025-08-04T02:37:14.525Z] [iam] checking project invenorymanager for permissions ["firebase.projects.get","firebasehosting.sites.update"]
[debug] [2025-08-04T02:37:14.525Z] Checked if tokens are valid: false, expires at: 1754060813714
[debug] [2025-08-04T02:37:14.526Z] Checked if tokens are valid: false, expires at: 1754060813714
[debug] [2025-08-04T02:37:14.526Z] > refreshing access token with scopes: []
[debug] [2025-08-04T02:37:14.527Z] >>> [apiv2][query] POST https://www.googleapis.com/oauth2/v3/token [none]
[debug] [2025-08-04T02:37:14.527Z] >>> [apiv2][body] POST https://www.googleapis.com/oauth2/v3/token [omitted]
[debug] [2025-08-04T02:37:14.532Z] *** [apiv2] error from fetch(https://firebase-public.firebaseio.com/cli.json, {"headers":{},"method":"GET"}): FetchError: request to https://firebase-public.firebaseio.com/cli.json failed, reason: getaddrinfo ENOTFOUND firebase-public.firebaseio.com
[warn] ⚠  Unable to fetch the CLI MOTD and remote config. This is not a fatal error, but may indicate an issue with your network connection. 
[debug] [2025-08-04T02:37:14.533Z] Failed to fetch MOTD FirebaseError: Failed to make request to https://firebase-public.firebaseio.com/cli.json
[debug] [2025-08-04T02:37:14.535Z] *** [apiv2] error from fetch(https://www.googleapis.com/oauth2/v3/token, {"headers":{},"method":"POST","body":{"_overheadLength":545,"_valueLength":212,"_valuesToMeasure":[],"writable":false,"readable":true,"dataSize":0,"maxDataSize":2097152,"pauseStreams":true,"_released":true,"_streams":[],"_currentStream":null,"_insideLoop":false,"_pendingNext":false,"_boundary":"--------------------------2d4879de2a5d2dd340f45b26","_events":{},"_eventsCount":1}}): FetchError: request to https://www.googleapis.com/oauth2/v3/token failed, reason: getaddrinfo ENOTFOUND www.googleapis.com
[error] Authentication Error: Your credentials are no longer valid. Please run firebase login --reauth

For CI servers and headless environments, generate a new token with firebase login:ci
[debug] [2025-08-04T02:37:14.536Z] [iam] error while checking permissions, command may fail: Authentication Error: Your credentials are no longer valid. Please run firebase login --reauth

For CI servers and headless environments, generate a new token with firebase login:ci
[debug] [2025-08-04T02:37:14.536Z] Checked if tokens are valid: false, expires at: 1754060813714
[debug] [2025-08-04T02:37:14.536Z] Checked if tokens are valid: false, expires at: 1754060813714
[debug] [2025-08-04T02:37:14.536Z] > refreshing access token with scopes: []
[debug] [2025-08-04T02:37:14.537Z] >>> [apiv2][query] POST https://www.googleapis.com/oauth2/v3/token [none]
[debug] [2025-08-04T02:37:14.537Z] >>> [apiv2][body] POST https://www.googleapis.com/oauth2/v3/token [omitted]
[debug] [2025-08-04T02:37:14.541Z] *** [apiv2] error from fetch(https://www.googleapis.com/oauth2/v3/token, {"headers":{},"method":"POST","body":{"_overheadLength":545,"_valueLength":212,"_valuesToMeasure":[],"writable":false,"readable":true,"dataSize":0,"maxDataSize":2097152,"pauseStreams":true,"_released":true,"_streams":[],"_currentStream":null,"_insideLoop":false,"_pendingNext":false,"_boundary":"--------------------------5a70731a4a5177d222ce5fd4","_events":{},"_eventsCount":1}}): FetchError: request to https://www.googleapis.com/oauth2/v3/token failed, reason: getaddrinfo ENOTFOUND www.googleapis.com
[error] Authentication Error: Your credentials are no longer valid. Please run firebase login --reauth

For CI servers and headless environments, generate a new token with firebase login:ci
[debug] [2025-08-04T02:37:14.541Z] Authentication Error: Your credentials are no longer valid. Please run firebase login --reauth

For CI servers and headless environments, generate a new token with firebase login:ci
[error] 
[error] Error: Assertion failed: resolving hosting target of a site with no site name or target name. This should have caused an error earlier
